2025-04-13 17:36:42 INFO  [main] c.l.l.LevitaMonitoringApplication - Starting LevitaMonitoringApplication using Java 21.0.1 with PID 16156 (C:\Users\wgxnl\Documents\Java\IdeaProjects\Levita\Levita-Monitoring\target\classes started by wgxnl in C:\Users\wgxnl\Documents\Java\IdeaProjects\Levita\Levita-Monitoring)
2025-04-13 17:36:42 DEBUG [main] c.l.l.LevitaMonitoringApplication - Running with Spring Boot v3.4.4, Spring v6.2.5
2025-04-13 17:36:42 INFO  [main] c.l.l.LevitaMonitoringApplication - The following 1 profile is active: "local"
2025-04-13 17:36:42 INFO  [main] o.s.d.r.c.RepositoryConfigurationDelegate - Bootstrapping Spring Data JPA repositories in DEFAULT mode.
2025-04-13 17:36:42 INFO  [main] o.s.d.r.c.RepositoryConfigurationDelegate - Finished Spring Data repository scanning in 58 ms. Found 4 JPA repository interfaces.
2025-04-13 17:36:43 INFO  [main] o.s.b.w.e.tomcat.TomcatWebServer - Tomcat initialized with port 8080 (http)
2025-04-13 17:36:43 INFO  [main] o.a.coyote.http11.Http11NioProtocol - Initializing ProtocolHandler ["http-nio-8080"]
2025-04-13 17:36:43 INFO  [main] o.a.catalina.core.StandardService - Starting service [Tomcat]
2025-04-13 17:36:43 INFO  [main] o.a.catalina.core.StandardEngine - Starting Servlet engine: [Apache Tomcat/10.1.39]
2025-04-13 17:36:43 INFO  [main] o.a.c.c.C.[Tomcat].[localhost].[/] - Initializing Spring embedded WebApplicationContext
2025-04-13 17:36:43 INFO  [main] o.s.b.w.s.c.ServletWebServerApplicationContext - Root WebApplicationContext: initialization completed in 1195 ms
2025-04-13 17:36:43 INFO  [main] o.h.jpa.internal.util.LogHelper - HHH000204: Processing PersistenceUnitInfo [name: default]
2025-04-13 17:36:43 INFO  [main] org.hibernate.Version - HHH000412: Hibernate ORM core version 6.6.11.Final
2025-04-13 17:36:43 INFO  [main] o.h.c.i.RegionFactoryInitiator - HHH000026: Second-level cache disabled
2025-04-13 17:36:43 INFO  [main] o.s.o.j.p.SpringPersistenceUnitInfo - No LoadTimeWeaver setup: ignoring JPA class transformer
2025-04-13 17:36:43 INFO  [main] com.zaxxer.hikari.HikariDataSource - HikariPool-1 - Starting...
2025-04-13 17:36:44 INFO  [main] com.zaxxer.hikari.pool.HikariPool - HikariPool-1 - Added connection org.postgresql.jdbc.PgConnection@550fa96f
2025-04-13 17:36:44 INFO  [main] com.zaxxer.hikari.HikariDataSource - HikariPool-1 - Start completed.
2025-04-13 17:36:44 INFO  [main] o.hibernate.orm.connections.pooling - HHH10001005: Database info:
	Database JDBC URL [Connecting through datasource 'HikariDataSource (HikariPool-1)']
	Database driver: undefined/unknown
	Database version: 17.2
	Autocommit mode: undefined/unknown
	Isolation level: undefined/unknown
	Minimum pool size: undefined/unknown
	Maximum pool size: undefined/unknown
2025-04-13 17:36:45 INFO  [main] o.h.e.t.j.p.i.JtaPlatformInitiator - HHH000489: No JTA platform available (set 'hibernate.transaction.jta.platform' to enable JTA platform integration)
2025-04-13 17:36:45 INFO  [main] o.s.o.j.LocalContainerEntityManagerFactoryBean - Initialized JPA EntityManagerFactory for persistence unit 'default'
2025-04-13 17:36:45 INFO  [main] o.s.b.f.a.AutowiredAnnotationBeanPostProcessor - Autowired annotation is not supported on static fields: private static java.lang.String com.levita.levita_monitoring.integration.SheetsParser.applicationName
2025-04-13 17:36:45 WARN  [main] c.g.a.c.g.s.AbstractGoogleClient - Application name is not set. Call Builder#setApplicationName.
2025-04-13 17:36:45 WARN  [main] o.s.b.a.o.j.JpaBaseConfiguration$JpaWebConfiguration - spring.jpa.open-in-view is enabled by default. Therefore, database queries may be performed during view rendering. Explicitly configure spring.jpa.open-in-view to disable this warning
2025-04-13 17:36:46 INFO  [main] o.a.coyote.http11.Http11NioProtocol - Starting ProtocolHandler ["http-nio-8080"]
2025-04-13 17:36:46 INFO  [main] o.s.b.w.e.tomcat.TomcatWebServer - Tomcat started on port 8080 (http) with context path '/'
2025-04-13 17:36:46 INFO  [main] c.l.l.LevitaMonitoringApplication - Started LevitaMonitoringApplication in 4.653 seconds (process running for 5.312)
2025-04-13 17:38:52 INFO  [SpringApplicationShutdownHook] o.s.b.w.e.tomcat.GracefulShutdown - Commencing graceful shutdown. Waiting for active requests to complete
2025-04-13 17:38:52 INFO  [tomcat-shutdown] o.s.b.w.e.tomcat.GracefulShutdown - Graceful shutdown complete
2025-04-13 17:38:52 INFO  [SpringApplicationShutdownHook] o.s.o.j.LocalContainerEntityManagerFactoryBean - Closing JPA EntityManagerFactory for persistence unit 'default'
2025-04-13 17:38:52 INFO  [SpringApplicationShutdownHook] com.zaxxer.hikari.HikariDataSource - HikariPool-1 - Shutdown initiated...
2025-04-13 17:38:52 INFO  [SpringApplicationShutdownHook] com.zaxxer.hikari.HikariDataSource - HikariPool-1 - Shutdown completed.
2025-04-13 17:38:55 INFO  [main] c.l.l.LevitaMonitoringApplication - Starting LevitaMonitoringApplication using Java 21.0.1 with PID 19632 (C:\Users\wgxnl\Documents\Java\IdeaProjects\Levita\Levita-Monitoring\target\classes started by wgxnl in C:\Users\wgxnl\Documents\Java\IdeaProjects\Levita\Levita-Monitoring)
2025-04-13 17:38:55 DEBUG [main] c.l.l.LevitaMonitoringApplication - Running with Spring Boot v3.4.4, Spring v6.2.5
2025-04-13 17:38:55 INFO  [main] c.l.l.LevitaMonitoringApplication - The following 1 profile is active: "local"
2025-04-13 17:38:55 INFO  [main] o.s.d.r.c.RepositoryConfigurationDelegate - Bootstrapping Spring Data JPA repositories in DEFAULT mode.
2025-04-13 17:38:55 INFO  [main] o.s.d.r.c.RepositoryConfigurationDelegate - Finished Spring Data repository scanning in 59 ms. Found 4 JPA repository interfaces.
2025-04-13 17:38:56 INFO  [main] o.s.b.w.e.tomcat.TomcatWebServer - Tomcat initialized with port 8080 (http)
2025-04-13 17:38:56 INFO  [main] o.a.coyote.http11.Http11NioProtocol - Initializing ProtocolHandler ["http-nio-8080"]
2025-04-13 17:38:56 INFO  [main] o.a.catalina.core.StandardService - Starting service [Tomcat]
2025-04-13 17:38:56 INFO  [main] o.a.catalina.core.StandardEngine - Starting Servlet engine: [Apache Tomcat/10.1.39]
2025-04-13 17:38:56 INFO  [main] o.a.c.c.C.[Tomcat].[localhost].[/] - Initializing Spring embedded WebApplicationContext
2025-04-13 17:38:56 INFO  [main] o.s.b.w.s.c.ServletWebServerApplicationContext - Root WebApplicationContext: initialization completed in 1200 ms
2025-04-13 17:38:56 INFO  [main] o.h.jpa.internal.util.LogHelper - HHH000204: Processing PersistenceUnitInfo [name: default]
2025-04-13 17:38:56 INFO  [main] org.hibernate.Version - HHH000412: Hibernate ORM core version 6.6.11.Final
2025-04-13 17:38:56 INFO  [main] o.h.c.i.RegionFactoryInitiator - HHH000026: Second-level cache disabled
2025-04-13 17:38:56 INFO  [main] o.s.o.j.p.SpringPersistenceUnitInfo - No LoadTimeWeaver setup: ignoring JPA class transformer
2025-04-13 17:38:56 INFO  [main] com.zaxxer.hikari.HikariDataSource - HikariPool-1 - Starting...
2025-04-13 17:38:57 INFO  [main] com.zaxxer.hikari.pool.HikariPool - HikariPool-1 - Added connection org.postgresql.jdbc.PgConnection@50b4364
2025-04-13 17:38:57 INFO  [main] com.zaxxer.hikari.HikariDataSource - HikariPool-1 - Start completed.
2025-04-13 17:38:57 INFO  [main] o.hibernate.orm.connections.pooling - HHH10001005: Database info:
	Database JDBC URL [Connecting through datasource 'HikariDataSource (HikariPool-1)']
	Database driver: undefined/unknown
	Database version: 17.2
	Autocommit mode: undefined/unknown
	Isolation level: undefined/unknown
	Minimum pool size: undefined/unknown
	Maximum pool size: undefined/unknown
2025-04-13 17:38:58 INFO  [main] o.h.e.t.j.p.i.JtaPlatformInitiator - HHH000489: No JTA platform available (set 'hibernate.transaction.jta.platform' to enable JTA platform integration)
2025-04-13 17:38:58 INFO  [main] o.s.o.j.LocalContainerEntityManagerFactoryBean - Initialized JPA EntityManagerFactory for persistence unit 'default'
2025-04-13 17:38:58 INFO  [main] o.s.b.f.a.AutowiredAnnotationBeanPostProcessor - Autowired annotation is not supported on static fields: private static java.lang.String com.levita.levita_monitoring.integration.SheetsParser.applicationName
2025-04-13 17:38:58 WARN  [main] c.g.a.c.g.s.AbstractGoogleClient - Application name is not set. Call Builder#setApplicationName.
2025-04-13 17:38:58 WARN  [main] o.s.b.a.o.j.JpaBaseConfiguration$JpaWebConfiguration - spring.jpa.open-in-view is enabled by default. Therefore, database queries may be performed during view rendering. Explicitly configure spring.jpa.open-in-view to disable this warning
2025-04-13 17:38:59 INFO  [main] o.a.coyote.http11.Http11NioProtocol - Starting ProtocolHandler ["http-nio-8080"]
2025-04-13 17:38:59 INFO  [main] o.s.b.w.e.tomcat.TomcatWebServer - Tomcat started on port 8080 (http) with context path '/'
2025-04-13 17:38:59 INFO  [main] c.l.l.LevitaMonitoringApplication - Started LevitaMonitoringApplication in 4.744 seconds (process running for 5.372)
2025-04-13 17:40:20 INFO  [SpringApplicationShutdownHook] o.s.b.w.e.tomcat.GracefulShutdown - Commencing graceful shutdown. Waiting for active requests to complete
2025-04-13 17:40:20 INFO  [tomcat-shutdown] o.s.b.w.e.tomcat.GracefulShutdown - Graceful shutdown complete
2025-04-13 17:40:20 INFO  [SpringApplicationShutdownHook] o.s.o.j.LocalContainerEntityManagerFactoryBean - Closing JPA EntityManagerFactory for persistence unit 'default'
2025-04-13 17:40:20 INFO  [SpringApplicationShutdownHook] com.zaxxer.hikari.HikariDataSource - HikariPool-1 - Shutdown initiated...
2025-04-13 17:40:20 INFO  [SpringApplicationShutdownHook] com.zaxxer.hikari.HikariDataSource - HikariPool-1 - Shutdown completed.
2025-04-13 17:50:19 INFO  [main] c.l.l.LevitaMonitoringApplication - Starting LevitaMonitoringApplication using Java 21.0.1 with PID 19800 (C:\Users\wgxnl\Documents\Java\IdeaProjects\Levita\Levita-Monitoring\target\classes started by wgxnl in C:\Users\wgxnl\Documents\Java\IdeaProjects\Levita\Levita-Monitoring)
2025-04-13 17:50:19 DEBUG [main] c.l.l.LevitaMonitoringApplication - Running with Spring Boot v3.4.4, Spring v6.2.5
2025-04-13 17:50:19 INFO  [main] c.l.l.LevitaMonitoringApplication - The following 1 profile is active: "local"
2025-04-13 17:50:20 INFO  [main] o.s.d.r.c.RepositoryConfigurationDelegate - Bootstrapping Spring Data JPA repositories in DEFAULT mode.
2025-04-13 17:50:20 INFO  [main] o.s.d.r.c.RepositoryConfigurationDelegate - Finished Spring Data repository scanning in 60 ms. Found 4 JPA repository interfaces.
2025-04-13 17:50:21 INFO  [main] o.s.b.w.e.tomcat.TomcatWebServer - Tomcat initialized with port 8080 (http)
2025-04-13 17:50:21 INFO  [main] o.a.coyote.http11.Http11NioProtocol - Initializing ProtocolHandler ["http-nio-8080"]
2025-04-13 17:50:21 INFO  [main] o.a.catalina.core.StandardService - Starting service [Tomcat]
2025-04-13 17:50:21 INFO  [main] o.a.catalina.core.StandardEngine - Starting Servlet engine: [Apache Tomcat/10.1.39]
2025-04-13 17:50:21 INFO  [main] o.a.c.c.C.[Tomcat].[localhost].[/] - Initializing Spring embedded WebApplicationContext
2025-04-13 17:50:21 INFO  [main] o.s.b.w.s.c.ServletWebServerApplicationContext - Root WebApplicationContext: initialization completed in 1264 ms
2025-04-13 17:50:21 INFO  [main] o.h.jpa.internal.util.LogHelper - HHH000204: Processing PersistenceUnitInfo [name: default]
2025-04-13 17:50:21 INFO  [main] org.hibernate.Version - HHH000412: Hibernate ORM core version 6.6.11.Final
2025-04-13 17:50:21 INFO  [main] o.h.c.i.RegionFactoryInitiator - HHH000026: Second-level cache disabled
2025-04-13 17:50:21 INFO  [main] o.s.o.j.p.SpringPersistenceUnitInfo - No LoadTimeWeaver setup: ignoring JPA class transformer
2025-04-13 17:50:21 INFO  [main] com.zaxxer.hikari.HikariDataSource - HikariPool-1 - Starting...
2025-04-13 17:50:21 INFO  [main] com.zaxxer.hikari.pool.HikariPool - HikariPool-1 - Added connection org.postgresql.jdbc.PgConnection@28ce75ec
2025-04-13 17:50:21 INFO  [main] com.zaxxer.hikari.HikariDataSource - HikariPool-1 - Start completed.
2025-04-13 17:50:22 INFO  [main] o.hibernate.orm.connections.pooling - HHH10001005: Database info:
	Database JDBC URL [Connecting through datasource 'HikariDataSource (HikariPool-1)']
	Database driver: undefined/unknown
	Database version: 17.2
	Autocommit mode: undefined/unknown
	Isolation level: undefined/unknown
	Minimum pool size: undefined/unknown
	Maximum pool size: undefined/unknown
2025-04-13 17:50:23 INFO  [main] o.h.e.t.j.p.i.JtaPlatformInitiator - HHH000489: No JTA platform available (set 'hibernate.transaction.jta.platform' to enable JTA platform integration)
2025-04-13 17:50:23 INFO  [main] o.s.o.j.LocalContainerEntityManagerFactoryBean - Initialized JPA EntityManagerFactory for persistence unit 'default'
2025-04-13 17:50:23 INFO  [main] o.s.b.f.a.AutowiredAnnotationBeanPostProcessor - Autowired annotation is not supported on static fields: private static java.lang.String com.levita.levita_monitoring.integration.SheetsParser.applicationName
2025-04-13 17:50:23 WARN  [main] c.g.a.c.g.s.AbstractGoogleClient - Application name is not set. Call Builder#setApplicationName.
2025-04-13 17:50:23 WARN  [main] o.s.b.a.o.j.JpaBaseConfiguration$JpaWebConfiguration - spring.jpa.open-in-view is enabled by default. Therefore, database queries may be performed during view rendering. Explicitly configure spring.jpa.open-in-view to disable this warning
2025-04-13 17:50:24 INFO  [main] o.a.coyote.http11.Http11NioProtocol - Starting ProtocolHandler ["http-nio-8080"]
2025-04-13 17:50:24 INFO  [main] o.s.b.w.e.tomcat.TomcatWebServer - Tomcat started on port 8080 (http) with context path '/'
2025-04-13 17:50:24 INFO  [main] c.l.l.LevitaMonitoringApplication - Started LevitaMonitoringApplication in 4.783 seconds (process running for 5.446)
2025-04-13 17:50:35 INFO  [pool-2-thread-1] c.l.l.service.KpiDataService - Создана локация [ВАРВАРСКАЯ]
2025-04-13 17:50:35 INFO  [pool-2-thread-1] c.l.l.service.KpiDataService - Создана локация [ЧУГУНОВА]
2025-04-13 17:50:35 INFO  [pool-2-thread-1] c.l.l.service.KpiDataService - Создана локация [РОДИОНОВА]
2025-04-13 17:50:35 INFO  [pool-2-thread-1] c.l.l.service.KpiDataService - Создана локация [МЕЩЕРСКИЙ]
2025-04-13 17:50:35 INFO  [pool-2-thread-1] c.l.l.service.KpiDataService - Создана локация [БОГОРОДСКОГО]
2025-04-13 17:50:35 INFO  [pool-2-thread-1] c.l.l.service.KpiDataService - Создана локация [ВОРОВСКОГО]
2025-04-13 17:50:35 INFO  [pool-2-thread-1] c.l.l.service.KpiDataService - Создана локация [КРАСНОДОНЦЕВ]
2025-04-13 17:50:35 INFO  [pool-2-thread-1] c.l.l.service.KpiDataService - Создана локация [ЩЕРБАКОВА]
2025-04-13 17:50:35 INFO  [pool-2-thread-1] c.l.l.service.KpiDataService - Создана локация [ЛЕСКОВА]
2025-04-13 17:50:36 INFO  [pool-3-thread-1] c.l.l.service.KpiDataService - Создан пользователь [Настя (Варварская)]
2025-04-13 17:50:36 INFO  [pool-3-thread-1] c.l.l.service.KpiDataService - Создан пользователь [Женя (Варварская)]
2025-04-13 17:50:36 INFO  [pool-3-thread-1] c.l.l.service.KpiDataService - Создан пользователь [Вика (Чугунова)]
2025-04-13 17:50:36 INFO  [pool-3-thread-1] c.l.l.service.KpiDataService - Создан пользователь [Яна (Чугунова)]
2025-04-13 17:50:36 INFO  [pool-3-thread-1] c.l.l.service.KpiDataService - Создан пользователь [Катя (Мещерский)]
2025-04-13 17:50:36 INFO  [pool-3-thread-1] c.l.l.service.KpiDataService - Создан пользователь [Диана (Мещерский)]
2025-04-13 17:50:36 INFO  [pool-3-thread-1] c.l.l.service.KpiDataService - Создан пользователь [Аня (Богородского)]
2025-04-13 17:50:36 INFO  [pool-3-thread-1] c.l.l.service.KpiDataService - Создан пользователь [Лиза (Богородского)]
2025-04-13 17:50:36 INFO  [pool-3-thread-1] c.l.l.service.KpiDataService - Создан пользователь [Полина (Воровского)]
2025-04-13 17:50:36 INFO  [pool-3-thread-1] c.l.l.service.KpiDataService - Создан пользователь [Таня (Воровского)]
2025-04-13 17:50:36 INFO  [pool-3-thread-1] c.l.l.service.KpiDataService - Создан пользователь [Софа (Краснодонцев)]
2025-04-13 17:50:36 INFO  [pool-3-thread-1] c.l.l.service.KpiDataService - Создан пользователь [Юля (Краснодонцев)]
2025-04-13 17:50:36 INFO  [pool-3-thread-1] c.l.l.service.KpiDataService - Создан пользователь [Маша (Щербакова)]
2025-04-13 17:50:36 INFO  [pool-3-thread-1] c.l.l.service.KpiDataService - Создан пользователь [Вика (Щербакова)]
2025-04-13 17:50:36 INFO  [pool-3-thread-1] c.l.l.service.KpiDataService - Создан пользователь [Арина (Лескова)]
2025-04-13 17:50:36 INFO  [pool-3-thread-1] c.l.l.service.KpiDataService - Создан пользователь [Настя (Лескова)]
2025-04-13 17:50:39 INFO  [pool-4-thread-1] c.l.l.service.KpiDataService - Сохранено [ACTUAL_INCOME] для локации [Варварская]: 1 170 298
2025-04-13 17:50:39 INFO  [pool-4-thread-1] c.l.l.service.KpiDataService - Сохранено [ACTUAL_INCOME] для локации [Чугунова]: 1 687 829
2025-04-13 17:50:39 INFO  [pool-4-thread-1] c.l.l.service.KpiDataService - Сохранено [ACTUAL_INCOME] для локации [Родионова]: 1 886 721
2025-04-13 17:50:39 INFO  [pool-4-thread-1] c.l.l.service.KpiDataService - Сохранено [ACTUAL_INCOME] для локации [Мещерский]: 1 578 059
2025-04-13 17:50:39 INFO  [pool-4-thread-1] c.l.l.service.KpiDataService - Сохранено [ACTUAL_INCOME] для локации [Богородского]: 1 510 441
2025-04-13 17:50:39 INFO  [pool-4-thread-1] c.l.l.service.KpiDataService - Сохранено [ACTUAL_INCOME] для локации [Воровского]: 1 402 847
2025-04-13 17:50:39 INFO  [pool-4-thread-1] c.l.l.service.KpiDataService - Сохранено [ACTUAL_INCOME] для локации [Краснодонцев]: 830 802
2025-04-13 17:50:39 INFO  [pool-4-thread-1] c.l.l.service.KpiDataService - Сохранено [ACTUAL_INCOME] для локации [Щербакова]: 1 640 541
2025-04-13 17:50:39 INFO  [pool-4-thread-1] c.l.l.service.KpiDataService - Сохранено [ACTUAL_INCOME] для локации [Лескова]: 624 813
2025-04-13 17:50:39 INFO  [pool-4-thread-1] c.l.l.service.KpiDataService - Сохранено [PLAN_COMPLETION_PERCENT] для локации [Варварская]: 92,0%
2025-04-13 17:50:39 INFO  [pool-4-thread-1] c.l.l.service.KpiDataService - Сохранено [PLAN_COMPLETION_PERCENT] для локации [Чугунова]: 133,6%
2025-04-13 17:50:39 INFO  [pool-4-thread-1] c.l.l.service.KpiDataService - Сохранено [PLAN_COMPLETION_PERCENT] для локации [Родионова]: 118,8%
2025-04-13 17:50:39 INFO  [pool-4-thread-1] c.l.l.service.KpiDataService - Сохранено [PLAN_COMPLETION_PERCENT] для локации [Мещерский]: 112,0%
2025-04-13 17:50:39 INFO  [pool-4-thread-1] c.l.l.service.KpiDataService - Сохранено [PLAN_COMPLETION_PERCENT] для локации [Богородского]: 107,7%
2025-04-13 17:50:39 INFO  [pool-4-thread-1] c.l.l.service.KpiDataService - Сохранено [PLAN_COMPLETION_PERCENT] для локации [Воровского]: 115,3%
2025-04-13 17:50:39 INFO  [pool-4-thread-1] c.l.l.service.KpiDataService - Сохранено [PLAN_COMPLETION_PERCENT] для локации [Краснодонцев]: 77,5%
2025-04-13 17:50:39 INFO  [pool-4-thread-1] c.l.l.service.KpiDataService - Сохранено [PLAN_COMPLETION_PERCENT] для локации [Щербакова]: 116,6%
2025-04-13 17:50:39 INFO  [pool-4-thread-1] c.l.l.service.KpiDataService - Сохранено [PLAN_COMPLETION_PERCENT] для локации [Лескова]: 44,5%
2025-04-13 17:50:39 INFO  [pool-4-thread-1] c.l.l.service.KpiDataService - Сохранено [LOCATION_PLAN] для локации [Варварская]: 1 271 740
2025-04-13 17:50:39 INFO  [pool-4-thread-1] c.l.l.service.KpiDataService - Сохранено [LOCATION_PLAN] для локации [Чугунова]: 1 263 740
2025-04-13 17:50:39 INFO  [pool-4-thread-1] c.l.l.service.KpiDataService - Сохранено [LOCATION_PLAN] для локации [Родионова]: 1 588 000
2025-04-13 17:50:39 INFO  [pool-4-thread-1] c.l.l.service.KpiDataService - Сохранено [LOCATION_PLAN] для локации [Мещерский]: 1 408 600
2025-04-13 17:50:39 INFO  [pool-4-thread-1] c.l.l.service.KpiDataService - Сохранено [LOCATION_PLAN] для локации [Богородского]: 1 402 922
2025-04-13 17:50:39 INFO  [pool-4-thread-1] c.l.l.service.KpiDataService - Сохранено [LOCATION_PLAN] для локации [Воровского]: 1 216 365
2025-04-13 17:50:39 INFO  [pool-4-thread-1] c.l.l.service.KpiDataService - Сохранено [LOCATION_PLAN] для локации [Краснодонцев]: 1 072 000
2025-04-13 17:50:39 INFO  [pool-4-thread-1] c.l.l.service.KpiDataService - Сохранено [LOCATION_PLAN] для локации [Щербакова]: 1 406 675
2025-04-13 17:50:39 INFO  [pool-4-thread-1] c.l.l.service.KpiDataService - Сохранено [LOCATION_PLAN] для локации [Лескова]: 1 403 250
2025-04-13 17:50:39 INFO  [pool-4-thread-1] c.l.l.service.KpiDataService - Сохранено [MAX_DAILY_REVENUE] для локации [Варварская]: 169784
2025-04-13 17:50:39 INFO  [pool-4-thread-1] c.l.l.service.KpiDataService - Сохранено [MAX_DAILY_REVENUE] для локации [Чугунова]: 237600
2025-04-13 17:50:39 INFO  [pool-4-thread-1] c.l.l.service.KpiDataService - Сохранено [MAX_DAILY_REVENUE] для локации [Родионова]: 333787
2025-04-13 17:50:39 INFO  [pool-4-thread-1] c.l.l.service.KpiDataService - Сохранено [MAX_DAILY_REVENUE] для локации [Мещерский]: 276 195
2025-04-13 17:50:39 INFO  [pool-4-thread-1] c.l.l.service.KpiDataService - Сохранено [MAX_DAILY_REVENUE] для локации [Богородского]: 169258
2025-04-13 17:50:39 INFO  [pool-4-thread-1] c.l.l.service.KpiDataService - Сохранено [MAX_DAILY_REVENUE] для локации [Воровского]: 178245
2025-04-13 17:50:39 INFO  [pool-4-thread-1] c.l.l.service.KpiDataService - Сохранено [MAX_DAILY_REVENUE] для локации [Краснодонцев]: 238912
2025-04-13 17:50:39 INFO  [pool-4-thread-1] c.l.l.service.KpiDataService - Сохранено [MAX_DAILY_REVENUE] для локации [Щербакова]: 199 853
2025-04-13 17:50:39 INFO  [pool-4-thread-1] c.l.l.service.KpiDataService - Сохранено [MAX_DAILY_REVENUE] для локации [Лескова]: 151329
2025-04-13 17:50:39 INFO  [pool-4-thread-1] c.l.l.service.KpiDataService - Сохранено [REMAINING_TO_PLAN] для локации [Варварская]: 101 442
2025-04-13 17:50:39 INFO  [pool-4-thread-1] c.l.l.service.KpiDataService - Сохранено [REMAINING_TO_PLAN] для локации [Чугунова]: -424 089
2025-04-13 17:50:39 INFO  [pool-4-thread-1] c.l.l.service.KpiDataService - Сохранено [REMAINING_TO_PLAN] для локации [Родионова]: -298 721
2025-04-13 17:50:39 INFO  [pool-4-thread-1] c.l.l.service.KpiDataService - Сохранено [REMAINING_TO_PLAN] для локации [Мещерский]: -169 459
2025-04-13 17:50:39 INFO  [pool-4-thread-1] c.l.l.service.KpiDataService - Сохранено [REMAINING_TO_PLAN] для локации [Богородского]: -107 519
2025-04-13 17:50:39 INFO  [pool-4-thread-1] c.l.l.service.KpiDataService - Сохранено [REMAINING_TO_PLAN] для локации [Воровского]: -186 482
2025-04-13 17:50:39 INFO  [pool-4-thread-1] c.l.l.service.KpiDataService - Сохранено [REMAINING_TO_PLAN] для локации [Краснодонцев]: 241 198
2025-04-13 17:50:39 INFO  [pool-4-thread-1] c.l.l.service.KpiDataService - Сохранено [REMAINING_TO_PLAN] для локации [Щербакова]: -233 866
2025-04-13 17:50:39 INFO  [pool-4-thread-1] c.l.l.service.KpiDataService - Сохранено [REMAINING_TO_PLAN] для локации [Лескова]: 778 437
2025-04-13 17:50:40 INFO  [pool-5-thread-1] c.l.l.service.KpiDataService - Сохранено [CONVERSION_RATE}] для пользователя [Настя (Варварская)]: 0,0%
2025-04-13 17:50:40 INFO  [pool-5-thread-1] c.l.l.service.KpiDataService - Сохранено [CONVERSION_RATE}] для пользователя [Женя (Варварская)]: 28,6%
2025-04-13 17:50:40 INFO  [pool-5-thread-1] c.l.l.service.KpiDataService - Сохранено [CONVERSION_RATE}] для пользователя [Вика (Чугунова)]: 33,3%
2025-04-13 17:50:40 INFO  [pool-5-thread-1] c.l.l.service.KpiDataService - Сохранено [CONVERSION_RATE}] для пользователя [Яна (Чугунова)]: 42,9%
2025-04-13 17:50:40 INFO  [pool-5-thread-1] c.l.l.service.KpiDataService - Сохранено [CONVERSION_RATE}] для пользователя [Катя (Мещерский)]: 25,0%
2025-04-13 17:50:40 INFO  [pool-5-thread-1] c.l.l.service.KpiDataService - Сохранено [CONVERSION_RATE}] для пользователя [Диана (Мещерский)]: 0,0%
2025-04-13 17:50:40 INFO  [pool-5-thread-1] c.l.l.service.KpiDataService - Сохранено [CONVERSION_RATE}] для пользователя [Аня (Богородского)]: 0,0%
2025-04-13 17:50:40 INFO  [pool-5-thread-1] c.l.l.service.KpiDataService - Сохранено [CONVERSION_RATE}] для пользователя [Лиза (Богородского)]: 71,4%
2025-04-13 17:50:40 INFO  [pool-5-thread-1] c.l.l.service.KpiDataService - Сохранено [CONVERSION_RATE}] для пользователя [Полина (Воровского)]: 0,0%
2025-04-13 17:50:40 INFO  [pool-5-thread-1] c.l.l.service.KpiDataService - Сохранено [CONVERSION_RATE}] для пользователя [Таня (Воровского)]: 33,3%
2025-04-13 17:50:40 INFO  [pool-5-thread-1] c.l.l.service.KpiDataService - Сохранено [CONVERSION_RATE}] для пользователя [Софа (Краснодонцев)]: 66,7%
2025-04-13 17:50:40 INFO  [pool-5-thread-1] c.l.l.service.KpiDataService - Сохранено [CONVERSION_RATE}] для пользователя [Юля (Краснодонцев)]: 60,0%
2025-04-13 17:50:41 INFO  [pool-5-thread-1] c.l.l.service.KpiDataService - Сохранено [CONVERSION_RATE}] для пользователя [Маша (Щербакова)]: 37,5%
2025-04-13 17:50:41 INFO  [pool-5-thread-1] c.l.l.service.KpiDataService - Сохранено [CONVERSION_RATE}] для пользователя [Вика (Щербакова)]: 10,0%
2025-04-13 17:50:41 INFO  [pool-5-thread-1] c.l.l.service.KpiDataService - Сохранено [CONVERSION_RATE}] для пользователя [Арина(Лескова)]: 0,0%
2025-04-13 17:50:41 INFO  [pool-5-thread-1] c.l.l.service.KpiDataService - Сохранено [CONVERSION_RATE}] для пользователя [Настя (Лескова)]: 7,7%
2025-04-13 17:50:41 INFO  [pool-5-thread-1] c.l.l.service.KpiDataService - Сохранено [PERSONAL_REVENUE}] для пользователя [Настя (Варварская)]: 41 730 ₽
2025-04-13 17:50:41 INFO  [pool-5-thread-1] c.l.l.service.KpiDataService - Сохранено [PERSONAL_REVENUE}] для пользователя [Женя (Варварская)]: 46 060 ₽
2025-04-13 17:50:41 INFO  [pool-5-thread-1] c.l.l.service.KpiDataService - Сохранено [PERSONAL_REVENUE}] для пользователя [Вика (Чугунова)]: 56 940 ₽
2025-04-13 17:50:41 INFO  [pool-5-thread-1] c.l.l.service.KpiDataService - Сохранено [PERSONAL_REVENUE}] для пользователя [Яна (Чугунова)]: 143 316 ₽
2025-04-13 17:50:41 INFO  [pool-5-thread-1] c.l.l.service.KpiDataService - Сохранено [PERSONAL_REVENUE}] для пользователя [Катя (Мещерский)]: 7 400 ₽
2025-04-13 17:50:41 INFO  [pool-5-thread-1] c.l.l.service.KpiDataService - Сохранено [PERSONAL_REVENUE}] для пользователя [Диана (Мещерский)]: 24 300 ₽
2025-04-13 17:50:41 INFO  [pool-5-thread-1] c.l.l.service.KpiDataService - Сохранено [PERSONAL_REVENUE}] для пользователя [Аня (Богородского)]: 28 060 ₽
2025-04-13 17:50:41 INFO  [pool-5-thread-1] c.l.l.service.KpiDataService - Сохранено [PERSONAL_REVENUE}] для пользователя [Лиза (Богородского)]: 194 228 ₽
2025-04-13 17:50:41 INFO  [pool-5-thread-1] c.l.l.service.KpiDataService - Сохранено [PERSONAL_REVENUE}] для пользователя [Полина (Воровского)]: 43 130
2025-04-13 17:50:41 INFO  [pool-5-thread-1] c.l.l.service.KpiDataService - Сохранено [PERSONAL_REVENUE}] для пользователя [Таня (Воровского)]: 127 193
2025-04-13 17:50:41 INFO  [pool-5-thread-1] c.l.l.service.KpiDataService - Сохранено [PERSONAL_REVENUE}] для пользователя [Софа (Краснодонцев)]: 364 769
2025-04-13 17:50:41 INFO  [pool-5-thread-1] c.l.l.service.KpiDataService - Сохранено [PERSONAL_REVENUE}] для пользователя [Юля (Краснодонцев)]: 158 099
2025-04-13 17:50:41 INFO  [pool-5-thread-1] c.l.l.service.KpiDataService - Сохранено [PERSONAL_REVENUE}] для пользователя [Маша (Щербакова)]: 107 318
2025-04-13 17:50:41 INFO  [pool-5-thread-1] c.l.l.service.KpiDataService - Сохранено [PERSONAL_REVENUE}] для пользователя [Вика (Щербакова)]: 59 150
2025-04-13 17:50:41 INFO  [pool-5-thread-1] c.l.l.service.KpiDataService - Сохранено [PERSONAL_REVENUE}] для пользователя [Арина(Лескова)]: 700
2025-04-13 17:50:41 INFO  [pool-5-thread-1] c.l.l.service.KpiDataService - Сохранено [PERSONAL_REVENUE}] для пользователя [Настя (Лескова)]: 3 500
2025-04-13 17:51:44 INFO  [SpringApplicationShutdownHook] o.s.b.w.e.tomcat.GracefulShutdown - Commencing graceful shutdown. Waiting for active requests to complete
2025-04-13 17:51:44 INFO  [tomcat-shutdown] o.s.b.w.e.tomcat.GracefulShutdown - Graceful shutdown complete
2025-04-13 17:51:44 INFO  [SpringApplicationShutdownHook] o.s.o.j.LocalContainerEntityManagerFactoryBean - Closing JPA EntityManagerFactory for persistence unit 'default'
2025-04-13 17:51:44 INFO  [SpringApplicationShutdownHook] com.zaxxer.hikari.HikariDataSource - HikariPool-1 - Shutdown initiated...
2025-04-13 17:51:44 INFO  [SpringApplicationShutdownHook] com.zaxxer.hikari.HikariDataSource - HikariPool-1 - Shutdown completed.
